2024/07/08 11:48:11 [notice] 1#1: using the "epoll" event method
2024/07/08 11:48:11 [notice] 1#1: nginx/1.26.1
2024/07/08 11:48:11 [notice] 1#1: built by gcc 13.2.1 20231014 (Alpine 13.2.1_git20231014) 
2024/07/08 11:48:11 [notice] 1#1: OS: Linux 6.5.0-41-generic
2024/07/08 11:48:11 [notice] 1#1: getrlimit(RLIMIT_NOFILE): 1048576:1048576
2024/07/08 11:48:11 [notice] 1#1: start worker processes
2024/07/08 11:48:11 [notice] 1#1: start worker process 29
2024/07/08 11:48:11 [notice] 1#1: start worker process 30
2024/07/08 11:48:11 [notice] 1#1: start worker process 31
2024/07/08 11:48:11 [notice] 1#1: start worker process 32
2024/07/08 11:48:11 [notice] 1#1: start worker process 33
2024/07/08 11:48:11 [notice] 1#1: start worker process 34
2024/07/08 11:48:11 [notice] 1#1: start worker process 35
2024/07/08 11:48:11 [notice] 1#1: start worker process 36
2024/07/08 11:48:11 [notice] 1#1: start worker process 37
2024/07/08 11:48:11 [notice] 1#1: start worker process 38
2024/07/08 11:48:11 [notice] 1#1: start worker process 39
2024/07/08 11:48:11 [notice] 1#1: start worker process 40
2024/07/08 11:48:11 [notice] 1#1: start worker process 41
2024/07/08 11:48:11 [notice] 1#1: start worker process 42
2024/07/08 11:48:11 [notice] 1#1: start worker process 43
2024/07/08 11:48:11 [notice] 1#1: start worker process 44
2024/07/08 11:50:22 [notice] 1#1: signal 3 (SIGQUIT) received, shutting down
2024/07/08 11:50:22 [notice] 29#29: gracefully shutting down
2024/07/08 11:50:22 [notice] 31#31: gracefully shutting down
2024/07/08 11:50:22 [notice] 30#30: gracefully shutting down
2024/07/08 11:50:22 [notice] 38#38: gracefully shutting down
2024/07/08 11:50:22 [notice] 33#33: gracefully shutting down
2024/07/08 11:50:22 [notice] 32#32: gracefully shutting down
2024/07/08 11:50:22 [notice] 35#35: gracefully shutting down
2024/07/08 11:50:22 [notice] 39#39: gracefully shutting down
2024/07/08 11:50:22 [notice] 29#29: exiting
2024/07/08 11:50:22 [notice] 37#37: gracefully shutting down
2024/07/08 11:50:22 [notice] 40#40: gracefully shutting down
2024/07/08 11:50:22 [notice] 31#31: exiting
2024/07/08 11:50:22 [notice] 30#30: exiting
2024/07/08 11:50:22 [notice] 38#38: exiting
2024/07/08 11:50:22 [notice] 43#43: gracefully shutting down
2024/07/08 11:50:22 [notice] 33#33: exiting
2024/07/08 11:50:22 [notice] 32#32: exiting
2024/07/08 11:50:22 [notice] 35#35: exiting
2024/07/08 11:50:22 [notice] 39#39: exiting
2024/07/08 11:50:22 [notice] 34#34: gracefully shutting down
2024/07/08 11:50:22 [notice] 43#43: exiting
2024/07/08 11:50:22 [notice] 36#36: gracefully shutting down
2024/07/08 11:50:22 [notice] 37#37: exiting
2024/07/08 11:50:22 [notice] 44#44: gracefully shutting down
2024/07/08 11:50:22 [notice] 40#40: exiting
2024/07/08 11:50:22 [notice] 34#34: exiting
2024/07/08 11:50:22 [notice] 36#36: exiting
2024/07/08 11:50:22 [notice] 44#44: exiting
2024/07/08 11:50:22 [notice] 29#29: exit
2024/07/08 11:50:22 [notice] 35#35: exit
2024/07/08 11:50:22 [notice] 42#42: gracefully shutting down
2024/07/08 11:50:22 [notice] 30#30: exit
2024/07/08 11:50:22 [notice] 38#38: exit
2024/07/08 11:50:22 [notice] 33#33: exit
2024/07/08 11:50:22 [notice] 31#31: exit
2024/07/08 11:50:22 [notice] 32#32: exit
2024/07/08 11:50:22 [notice] 43#43: exit
2024/07/08 11:50:22 [notice] 37#37: exit
2024/07/08 11:50:22 [notice] 42#42: exiting
2024/07/08 11:50:22 [notice] 39#39: exit
2024/07/08 11:50:22 [notice] 34#34: exit
2024/07/08 11:50:22 [notice] 40#40: exit
2024/07/08 11:50:22 [notice] 44#44: exit
2024/07/08 11:50:22 [notice] 36#36: exit
2024/07/08 11:50:22 [notice] 42#42: exit
2024/07/08 11:50:22 [notice] 41#41: gracefully shutting down
2024/07/08 11:50:22 [notice] 41#41: exiting
2024/07/08 11:50:22 [notice] 41#41: exit
2024/07/08 11:50:22 [notice] 1#1: signal 17 (SIGCHLD) received from 34
2024/07/08 11:50:22 [notice] 1#1: worker process 34 exited with code 0
2024/07/08 11:50:22 [notice] 1#1: signal 29 (SIGIO) received
2024/07/08 11:50:22 [notice] 1#1: signal 17 (SIGCHLD) received from 32
2024/07/08 11:50:22 [notice] 1#1: worker process 32 exited with code 0
2024/07/08 11:50:22 [notice] 1#1: signal 29 (SIGIO) received
2024/07/08 11:50:22 [notice] 1#1: signal 17 (SIGCHLD) received from 30
2024/07/08 11:50:22 [notice] 1#1: worker process 30 exited with code 0
2024/07/08 11:50:22 [notice] 1#1: worker process 40 exited with code 0
2024/07/08 11:50:22 [notice] 1#1: signal 29 (SIGIO) received
2024/07/08 11:50:22 [notice] 1#1: signal 17 (SIGCHLD) received from 40
2024/07/08 11:50:22 [notice] 1#1: signal 17 (SIGCHLD) received from 37
2024/07/08 11:50:22 [notice] 1#1: worker process 37 exited with code 0
2024/07/08 11:50:22 [notice] 1#1: worker process 36 exited with code 0
2024/07/08 11:50:22 [notice] 1#1: signal 29 (SIGIO) received
2024/07/08 11:50:22 [notice] 1#1: signal 17 (SIGCHLD) received from 36
2024/07/08 11:50:22 [notice] 1#1: worker process 29 exited with code 0
2024/07/08 11:50:22 [notice] 1#1: signal 29 (SIGIO) received
2024/07/08 11:50:22 [notice] 1#1: signal 17 (SIGCHLD) received from 38
2024/07/08 11:50:22 [notice] 1#1: worker process 38 exited with code 0
2024/07/08 11:50:22 [notice] 1#1: signal 29 (SIGIO) received
2024/07/08 11:50:22 [notice] 1#1: signal 17 (SIGCHLD) received from 42
2024/07/08 11:50:22 [notice] 1#1: worker process 42 exited with code 0
2024/07/08 11:50:22 [notice] 1#1: signal 29 (SIGIO) received
2024/07/08 11:50:22 [notice] 1#1: signal 17 (SIGCHLD) received from 39
2024/07/08 11:50:22 [notice] 1#1: worker process 39 exited with code 0
2024/07/08 11:50:22 [notice] 1#1: signal 29 (SIGIO) received
2024/07/08 11:50:22 [notice] 1#1: signal 17 (SIGCHLD) received from 35
2024/07/08 11:50:22 [notice] 1#1: worker process 35 exited with code 0
2024/07/08 11:50:22 [notice] 1#1: signal 29 (SIGIO) received
2024/07/08 11:50:22 [notice] 1#1: signal 17 (SIGCHLD) received from 44
2024/07/08 11:50:22 [notice] 1#1: worker process 44 exited with code 0
2024/07/08 11:50:22 [notice] 1#1: signal 29 (SIGIO) received
2024/07/08 11:50:22 [notice] 1#1: signal 17 (SIGCHLD) received from 43
2024/07/08 11:50:22 [notice] 1#1: worker process 43 exited with code 0
2024/07/08 11:50:22 [notice] 1#1: signal 29 (SIGIO) received
2024/07/08 11:50:22 [notice] 1#1: signal 17 (SIGCHLD) received from 31
2024/07/08 11:50:22 [notice] 1#1: worker process 31 exited with code 0
2024/07/08 11:50:22 [notice] 1#1: signal 29 (SIGIO) received
2024/07/08 11:50:22 [notice] 1#1: signal 17 (SIGCHLD) received from 33
2024/07/08 11:50:22 [notice] 1#1: worker process 33 exited with code 0
2024/07/08 11:50:22 [notice] 1#1: signal 17 (SIGCHLD) received from 41
2024/07/08 11:50:22 [notice] 1#1: worker process 41 exited with code 0
2024/07/08 11:50:22 [notice] 1#1: exit
2024/07/08 11:50:27 [notice] 1#1: using the "epoll" event method
2024/07/08 11:50:27 [notice] 1#1: nginx/1.26.1
2024/07/08 11:50:27 [notice] 1#1: built by gcc 13.2.1 20231014 (Alpine 13.2.1_git20231014) 
2024/07/08 11:50:27 [notice] 1#1: OS: Linux 6.5.0-41-generic
2024/07/08 11:50:27 [notice] 1#1: getrlimit(RLIMIT_NOFILE): 1048576:1048576
2024/07/08 11:50:27 [notice] 1#1: start worker processes
2024/07/08 11:50:27 [notice] 1#1: start worker process 29
2024/07/08 11:50:27 [notice] 1#1: start worker process 30
2024/07/08 11:50:27 [notice] 1#1: start worker process 31
2024/07/08 11:50:27 [notice] 1#1: start worker process 32
2024/07/08 11:50:27 [notice] 1#1: start worker process 33
2024/07/08 11:50:27 [notice] 1#1: start worker process 34
2024/07/08 11:50:27 [notice] 1#1: start worker process 35
2024/07/08 11:50:27 [notice] 1#1: start worker process 36
2024/07/08 11:50:27 [notice] 1#1: start worker process 37
2024/07/08 11:50:27 [notice] 1#1: start worker process 38
2024/07/08 11:50:27 [notice] 1#1: start worker process 39
2024/07/08 11:50:27 [notice] 1#1: start worker process 40
2024/07/08 11:50:27 [notice] 1#1: start worker process 41
2024/07/08 11:50:27 [notice] 1#1: start worker process 42
2024/07/08 11:50:27 [notice] 1#1: start worker process 43
2024/07/08 11:50:27 [notice] 1#1: start worker process 44
2024/07/08 11:53:58 [notice] 1#1: signal 3 (SIGQUIT) received, shutting down
2024/07/08 11:53:58 [notice] 29#29: gracefully shutting down
2024/07/08 11:53:58 [notice] 30#30: gracefully shutting down
2024/07/08 11:53:58 [notice] 31#31: gracefully shutting down
2024/07/08 11:53:58 [notice] 33#33: gracefully shutting down
2024/07/08 11:53:58 [notice] 35#35: gracefully shutting down
2024/07/08 11:53:58 [notice] 34#34: gracefully shutting down
2024/07/08 11:53:58 [notice] 36#36: gracefully shutting down
2024/07/08 11:53:58 [notice] 37#37: gracefully shutting down
2024/07/08 11:53:58 [notice] 38#38: gracefully shutting down
2024/07/08 11:53:58 [notice] 39#39: gracefully shutting down
2024/07/08 11:53:58 [notice] 29#29: exiting
2024/07/08 11:53:58 [notice] 41#41: gracefully shutting down
2024/07/08 11:53:58 [notice] 40#40: gracefully shutting down
2024/07/08 11:53:58 [notice] 42#42: gracefully shutting down
2024/07/08 11:53:58 [notice] 30#30: exiting
2024/07/08 11:53:58 [notice] 31#31: exiting
2024/07/08 11:53:58 [notice] 44#44: gracefully shutting down
2024/07/08 11:53:58 [notice] 33#33: exiting
2024/07/08 11:53:58 [notice] 35#35: exiting
2024/07/08 11:53:58 [notice] 34#34: exiting
2024/07/08 11:53:58 [notice] 36#36: exiting
2024/07/08 11:53:58 [notice] 37#37: exiting
2024/07/08 11:53:58 [notice] 38#38: exiting
2024/07/08 11:53:58 [notice] 39#39: exiting
2024/07/08 11:53:58 [notice] 41#41: exiting
2024/07/08 11:53:58 [notice] 40#40: exiting
2024/07/08 11:53:58 [notice] 42#42: exiting
2024/07/08 11:53:58 [notice] 44#44: exiting
2024/07/08 11:53:58 [notice] 29#29: exit
2024/07/08 11:53:58 [notice] 42#42: exit
2024/07/08 11:53:58 [notice] 30#30: exit
2024/07/08 11:53:58 [notice] 36#36: exit
2024/07/08 11:53:58 [notice] 31#31: exit
2024/07/08 11:53:58 [notice] 35#35: exit
2024/07/08 11:53:58 [notice] 39#39: exit
2024/07/08 11:53:58 [notice] 33#33: exit
2024/07/08 11:53:58 [notice] 44#44: exit
2024/07/08 11:53:58 [notice] 34#34: exit
2024/07/08 11:53:58 [notice] 37#37: exit
2024/07/08 11:53:58 [notice] 38#38: exit
2024/07/08 11:53:58 [notice] 41#41: exit
2024/07/08 11:53:58 [notice] 40#40: exit
2024/07/08 11:53:58 [notice] 32#32: gracefully shutting down
2024/07/08 11:53:58 [notice] 32#32: exiting
2024/07/08 11:53:58 [notice] 43#43: gracefully shutting down
2024/07/08 11:53:58 [notice] 43#43: exiting
2024/07/08 11:53:58 [notice] 32#32: exit
2024/07/08 11:53:58 [notice] 43#43: exit
2024/07/08 11:53:58 [notice] 1#1: signal 17 (SIGCHLD) received from 41
2024/07/08 11:53:58 [notice] 1#1: worker process 41 exited with code 0
2024/07/08 11:53:58 [notice] 1#1: signal 29 (SIGIO) received
2024/07/08 11:53:58 [notice] 1#1: signal 17 (SIGCHLD) received from 40
2024/07/08 11:53:58 [notice] 1#1: worker process 40 exited with code 0
2024/07/08 11:53:58 [notice] 1#1: signal 29 (SIGIO) received
2024/07/08 11:53:58 [notice] 1#1: signal 17 (SIGCHLD) received from 39
2024/07/08 11:53:58 [notice] 1#1: worker process 39 exited with code 0
2024/07/08 11:53:58 [notice] 1#1: signal 29 (SIGIO) received
2024/07/08 11:53:58 [notice] 1#1: signal 17 (SIGCHLD) received from 31
2024/07/08 11:53:58 [notice] 1#1: worker process 31 exited with code 0
2024/07/08 11:53:58 [notice] 1#1: worker process 38 exited with code 0
2024/07/08 11:53:58 [notice] 1#1: signal 29 (SIGIO) received
2024/07/08 11:53:58 [notice] 1#1: signal 17 (SIGCHLD) received from 33
2024/07/08 11:53:58 [notice] 1#1: worker process 33 exited with code 0
2024/07/08 11:53:58 [notice] 1#1: signal 29 (SIGIO) received
2024/07/08 11:53:58 [notice] 1#1: signal 17 (SIGCHLD) received from 42
2024/07/08 11:53:58 [notice] 1#1: worker process 42 exited with code 0
2024/07/08 11:53:58 [notice] 1#1: signal 29 (SIGIO) received
2024/07/08 11:53:58 [notice] 1#1: signal 17 (SIGCHLD) received from 34
2024/07/08 11:53:58 [notice] 1#1: worker process 34 exited with code 0
2024/07/08 11:53:58 [notice] 1#1: signal 29 (SIGIO) received
2024/07/08 11:53:58 [notice] 1#1: signal 17 (SIGCHLD) received from 36
2024/07/08 11:53:58 [notice] 1#1: worker process 30 exited with code 0
2024/07/08 11:53:58 [notice] 1#1: worker process 36 exited with code 0
2024/07/08 11:53:58 [notice] 1#1: worker process 37 exited with code 0
2024/07/08 11:53:58 [notice] 1#1: worker process 43 exited with code 0
2024/07/08 11:53:58 [notice] 1#1: signal 29 (SIGIO) received
2024/07/08 11:53:58 [notice] 1#1: signal 17 (SIGCHLD) received from 43
2024/07/08 11:53:58 [notice] 1#1: signal 17 (SIGCHLD) received from 44
2024/07/08 11:53:58 [notice] 1#1: worker process 44 exited with code 0
2024/07/08 11:53:58 [notice] 1#1: worker process 35 exited with code 0
2024/07/08 11:53:58 [notice] 1#1: signal 29 (SIGIO) received
2024/07/08 11:53:58 [notice] 1#1: signal 17 (SIGCHLD) received from 35
2024/07/08 11:53:58 [notice] 1#1: signal 17 (SIGCHLD) received from 29
2024/07/08 11:53:58 [notice] 1#1: worker process 29 exited with code 0
2024/07/08 11:53:58 [notice] 1#1: signal 29 (SIGIO) received
2024/07/08 11:53:58 [notice] 1#1: signal 17 (SIGCHLD) received from 32
2024/07/08 11:53:58 [notice] 1#1: worker process 32 exited with code 0
2024/07/08 11:53:58 [notice] 1#1: exit
2024/07/08 11:55:23 [notice] 1#1: using the "epoll" event method
2024/07/08 11:55:23 [notice] 1#1: nginx/1.26.1
2024/07/08 11:55:23 [notice] 1#1: built by gcc 13.2.1 20231014 (Alpine 13.2.1_git20231014) 
2024/07/08 11:55:23 [notice] 1#1: OS: Linux 6.5.0-41-generic
2024/07/08 11:55:23 [notice] 1#1: getrlimit(RLIMIT_NOFILE): 1048576:1048576
2024/07/08 11:55:23 [notice] 1#1: start worker processes
2024/07/08 11:55:23 [notice] 1#1: start worker process 29
2024/07/08 11:55:23 [notice] 1#1: start worker process 30
2024/07/08 11:55:23 [notice] 1#1: start worker process 31
2024/07/08 11:55:23 [notice] 1#1: start worker process 32
2024/07/08 11:55:23 [notice] 1#1: start worker process 33
2024/07/08 11:55:23 [notice] 1#1: start worker process 34
2024/07/08 11:55:23 [notice] 1#1: start worker process 35
2024/07/08 11:55:23 [notice] 1#1: start worker process 36
2024/07/08 11:55:23 [notice] 1#1: start worker process 37
2024/07/08 11:55:23 [notice] 1#1: start worker process 38
2024/07/08 11:55:23 [notice] 1#1: start worker process 39
2024/07/08 11:55:23 [notice] 1#1: start worker process 40
2024/07/08 11:55:23 [notice] 1#1: start worker process 41
2024/07/08 11:55:23 [notice] 1#1: start worker process 42
2024/07/08 11:55:23 [notice] 1#1: start worker process 43
2024/07/08 11:55:23 [notice] 1#1: start worker process 44
2024/07/08 12:01:03 [notice] 1#1: signal 3 (SIGQUIT) received, shutting down
2024/07/08 12:01:03 [notice] 29#29: gracefully shutting down
2024/07/08 12:01:03 [notice] 32#32: gracefully shutting down
2024/07/08 12:01:03 [notice] 30#30: gracefully shutting down
2024/07/08 12:01:03 [notice] 31#31: gracefully shutting down
2024/07/08 12:01:03 [notice] 33#33: gracefully shutting down
2024/07/08 12:01:03 [notice] 34#34: gracefully shutting down
2024/07/08 12:01:03 [notice] 35#35: gracefully shutting down
2024/07/08 12:01:03 [notice] 37#37: gracefully shutting down
2024/07/08 12:01:03 [notice] 38#38: gracefully shutting down
2024/07/08 12:01:03 [notice] 29#29: exiting
2024/07/08 12:01:03 [notice] 39#39: gracefully shutting down
2024/07/08 12:01:03 [notice] 32#32: exiting
2024/07/08 12:01:03 [notice] 43#43: gracefully shutting down
2024/07/08 12:01:03 [notice] 30#30: exiting
2024/07/08 12:01:03 [notice] 42#42: gracefully shutting down
2024/07/08 12:01:03 [notice] 31#31: exiting
2024/07/08 12:01:03 [notice] 36#36: gracefully shutting down
2024/07/08 12:01:03 [notice] 33#33: exiting
2024/07/08 12:01:03 [notice] 34#34: exiting
2024/07/08 12:01:03 [notice] 35#35: exiting
2024/07/08 12:01:03 [notice] 37#37: exiting
2024/07/08 12:01:03 [notice] 38#38: exiting
2024/07/08 12:01:03 [notice] 40#40: gracefully shutting down
2024/07/08 12:01:03 [notice] 39#39: exiting
2024/07/08 12:01:03 [notice] 43#43: exiting
2024/07/08 12:01:03 [notice] 42#42: exiting
2024/07/08 12:01:03 [notice] 36#36: exiting
2024/07/08 12:01:03 [notice] 40#40: exiting
2024/07/08 12:01:03 [notice] 29#29: exit
2024/07/08 12:01:03 [notice] 30#30: exit
2024/07/08 12:01:03 [notice] 32#32: exit
2024/07/08 12:01:03 [notice] 33#33: exit
2024/07/08 12:01:03 [notice] 39#39: exit
2024/07/08 12:01:03 [notice] 31#31: exit
2024/07/08 12:01:03 [notice] 42#42: exit
2024/07/08 12:01:03 [notice] 37#37: exit
2024/07/08 12:01:03 [notice] 34#34: exit
2024/07/08 12:01:03 [notice] 38#38: exit
2024/07/08 12:01:03 [notice] 35#35: exit
2024/07/08 12:01:03 [notice] 40#40: exit
2024/07/08 12:01:03 [notice] 43#43: exit
2024/07/08 12:01:03 [notice] 36#36: exit
2024/07/08 12:01:03 [notice] 44#44: gracefully shutting down
2024/07/08 12:01:03 [notice] 44#44: exiting
2024/07/08 12:01:03 [notice] 44#44: exit
2024/07/08 12:01:03 [notice] 41#41: gracefully shutting down
2024/07/08 12:01:03 [notice] 41#41: exiting
2024/07/08 12:01:03 [notice] 41#41: exit
2024/07/08 12:01:03 [notice] 1#1: signal 17 (SIGCHLD) received from 36
2024/07/08 12:01:03 [notice] 1#1: worker process 36 exited with code 0
2024/07/08 12:01:03 [notice] 1#1: signal 29 (SIGIO) received
2024/07/08 12:01:03 [notice] 1#1: signal 17 (SIGCHLD) received from 31
2024/07/08 12:01:03 [notice] 1#1: worker process 31 exited with code 0
2024/07/08 12:01:03 [notice] 1#1: signal 29 (SIGIO) received
2024/07/08 12:01:03 [notice] 1#1: signal 17 (SIGCHLD) received from 34
2024/07/08 12:01:03 [notice] 1#1: worker process 34 exited with code 0
2024/07/08 12:01:03 [notice] 1#1: signal 29 (SIGIO) received
2024/07/08 12:01:03 [notice] 1#1: signal 17 (SIGCHLD) received from 38
2024/07/08 12:01:03 [notice] 1#1: worker process 38 exited with code 0
2024/07/08 12:01:03 [notice] 1#1: signal 29 (SIGIO) received
2024/07/08 12:01:03 [notice] 1#1: signal 17 (SIGCHLD) received from 40
2024/07/08 12:01:03 [notice] 1#1: worker process 39 exited with code 0
2024/07/08 12:01:03 [notice] 1#1: worker process 40 exited with code 0
2024/07/08 12:01:03 [notice] 1#1: signal 29 (SIGIO) received
2024/07/08 12:01:03 [notice] 1#1: signal 17 (SIGCHLD) received from 44
2024/07/08 12:01:03 [notice] 1#1: worker process 44 exited with code 0
2024/07/08 12:01:03 [notice] 1#1: signal 29 (SIGIO) received
2024/07/08 12:01:03 [notice] 1#1: signal 17 (SIGCHLD) received from 37
2024/07/08 12:01:03 [notice] 1#1: worker process 37 exited with code 0
2024/07/08 12:01:03 [notice] 1#1: signal 29 (SIGIO) received
2024/07/08 12:01:03 [notice] 1#1: signal 17 (SIGCHLD) received from 33
2024/07/08 12:01:03 [notice] 1#1: worker process 33 exited with code 0
2024/07/08 12:01:03 [notice] 1#1: worker process 30 exited with code 0
2024/07/08 12:01:03 [notice] 1#1: signal 29 (SIGIO) received
2024/07/08 12:01:03 [notice] 1#1: signal 17 (SIGCHLD) received from 30
2024/07/08 12:01:03 [notice] 1#1: signal 17 (SIGCHLD) received from 42
2024/07/08 12:01:03 [notice] 1#1: worker process 42 exited with code 0
2024/07/08 12:01:03 [notice] 1#1: signal 29 (SIGIO) received
2024/07/08 12:01:03 [notice] 1#1: signal 17 (SIGCHLD) received from 32
2024/07/08 12:01:03 [notice] 1#1: worker process 32 exited with code 0
2024/07/08 12:01:03 [notice] 1#1: signal 29 (SIGIO) received
2024/07/08 12:01:03 [notice] 1#1: signal 17 (SIGCHLD) received from 41
2024/07/08 12:01:03 [notice] 1#1: worker process 29 exited with code 0
2024/07/08 12:01:03 [notice] 1#1: worker process 41 exited with code 0
2024/07/08 12:01:03 [notice] 1#1: signal 29 (SIGIO) received
2024/07/08 12:01:03 [notice] 1#1: signal 17 (SIGCHLD) received from 35
2024/07/08 12:01:03 [notice] 1#1: worker process 35 exited with code 0
2024/07/08 12:01:03 [notice] 1#1: signal 29 (SIGIO) received
2024/07/08 12:01:03 [notice] 1#1: signal 17 (SIGCHLD) received from 43
2024/07/08 12:01:03 [notice] 1#1: worker process 43 exited with code 0
2024/07/08 12:01:03 [notice] 1#1: exit
2024/07/08 12:06:17 [notice] 1#1: using the "epoll" event method
2024/07/08 12:06:17 [notice] 1#1: nginx/1.26.1
2024/07/08 12:06:17 [notice] 1#1: built by gcc 13.2.1 20231014 (Alpine 13.2.1_git20231014) 
2024/07/08 12:06:17 [notice] 1#1: OS: Linux 6.5.0-41-generic
2024/07/08 12:06:17 [notice] 1#1: getrlimit(RLIMIT_NOFILE): 1048576:1048576
2024/07/08 12:06:17 [notice] 1#1: start worker processes
2024/07/08 12:06:17 [notice] 1#1: start worker process 29
2024/07/08 12:06:17 [notice] 1#1: start worker process 30
2024/07/08 12:06:17 [notice] 1#1: start worker process 31
2024/07/08 12:06:17 [notice] 1#1: start worker process 32
2024/07/08 12:06:17 [notice] 1#1: start worker process 33
2024/07/08 12:06:17 [notice] 1#1: start worker process 34
2024/07/08 12:06:17 [notice] 1#1: start worker process 35
2024/07/08 12:06:17 [notice] 1#1: start worker process 36
2024/07/08 12:06:17 [notice] 1#1: start worker process 37
2024/07/08 12:06:17 [notice] 1#1: start worker process 38
2024/07/08 12:06:17 [notice] 1#1: start worker process 39
2024/07/08 12:06:17 [notice] 1#1: start worker process 40
2024/07/08 12:06:17 [notice] 1#1: start worker process 41
2024/07/08 12:06:17 [notice] 1#1: start worker process 42
2024/07/08 12:06:17 [notice] 1#1: start worker process 43
2024/07/08 12:06:17 [notice] 1#1: start worker process 44
2024/07/08 12:11:25 [notice] 1#1: signal 3 (SIGQUIT) received, shutting down
2024/07/08 12:11:25 [notice] 29#29: gracefully shutting down
2024/07/08 12:11:25 [notice] 30#30: gracefully shutting down
2024/07/08 12:11:25 [notice] 31#31: gracefully shutting down
2024/07/08 12:11:25 [notice] 33#33: gracefully shutting down
2024/07/08 12:11:25 [notice] 34#34: gracefully shutting down
2024/07/08 12:11:25 [notice] 35#35: gracefully shutting down
2024/07/08 12:11:25 [notice] 37#37: gracefully shutting down
2024/07/08 12:11:25 [notice] 36#36: gracefully shutting down
2024/07/08 12:11:25 [notice] 29#29: exiting
2024/07/08 12:11:25 [notice] 30#30: exiting
2024/07/08 12:11:25 [notice] 43#43: gracefully shutting down
2024/07/08 12:11:25 [notice] 38#38: gracefully shutting down
2024/07/08 12:11:25 [notice] 32#32: gracefully shutting down
2024/07/08 12:11:25 [notice] 35#35: exiting
2024/07/08 12:11:25 [notice] 31#31: exiting
2024/07/08 12:11:25 [notice] 34#34: exiting
2024/07/08 12:11:25 [notice] 33#33: exiting
2024/07/08 12:11:25 [notice] 43#43: exiting
2024/07/08 12:11:25 [notice] 37#37: exiting
2024/07/08 12:11:25 [notice] 38#38: exiting
2024/07/08 12:11:25 [notice] 32#32: exiting
2024/07/08 12:11:25 [notice] 36#36: exiting
2024/07/08 12:11:25 [notice] 40#40: gracefully shutting down
2024/07/08 12:11:25 [notice] 40#40: exiting
2024/07/08 12:11:25 [notice] 41#41: gracefully shutting down
2024/07/08 12:11:25 [notice] 41#41: exiting
2024/07/08 12:11:25 [notice] 30#30: exit
2024/07/08 12:11:25 [notice] 29#29: exit
2024/07/08 12:11:25 [notice] 39#39: gracefully shutting down
2024/07/08 12:11:25 [notice] 32#32: exit
2024/07/08 12:11:25 [notice] 31#31: exit
2024/07/08 12:11:25 [notice] 37#37: exit
2024/07/08 12:11:25 [notice] 39#39: exiting
2024/07/08 12:11:25 [notice] 38#38: exit
2024/07/08 12:11:25 [notice] 35#35: exit
2024/07/08 12:11:25 [notice] 33#33: exit
2024/07/08 12:11:25 [notice] 43#43: exit
2024/07/08 12:11:25 [notice] 34#34: exit
2024/07/08 12:11:25 [notice] 36#36: exit
2024/07/08 12:11:25 [notice] 40#40: exit
2024/07/08 12:11:25 [notice] 41#41: exit
2024/07/08 12:11:25 [notice] 39#39: exit
2024/07/08 12:11:25 [notice] 42#42: gracefully shutting down
2024/07/08 12:11:25 [notice] 42#42: exiting
2024/07/08 12:11:25 [notice] 42#42: exit
2024/07/08 12:11:25 [notice] 44#44: gracefully shutting down
2024/07/08 12:11:25 [notice] 44#44: exiting
2024/07/08 12:11:25 [notice] 44#44: exit
2024/07/08 12:11:26 [notice] 1#1: signal 17 (SIGCHLD) received from 33
2024/07/08 12:11:26 [notice] 1#1: worker process 32 exited with code 0
2024/07/08 12:11:26 [notice] 1#1: worker process 33 exited with code 0
2024/07/08 12:11:26 [notice] 1#1: signal 29 (SIGIO) received
2024/07/08 12:11:26 [notice] 1#1: signal 17 (SIGCHLD) received from 32
2024/07/08 12:11:26 [notice] 1#1: signal 17 (SIGCHLD) received from 35
2024/07/08 12:11:26 [notice] 1#1: worker process 30 exited with code 0
2024/07/08 12:11:26 [notice] 1#1: worker process 35 exited with code 0
2024/07/08 12:11:26 [notice] 1#1: signal 29 (SIGIO) received
2024/07/08 12:11:26 [notice] 1#1: signal 17 (SIGCHLD) received from 37
2024/07/08 12:11:26 [notice] 1#1: worker process 37 exited with code 0
2024/07/08 12:11:26 [notice] 1#1: signal 29 (SIGIO) received
2024/07/08 12:11:26 [notice] 1#1: signal 17 (SIGCHLD) received from 38
2024/07/08 12:11:26 [notice] 1#1: worker process 38 exited with code 0
2024/07/08 12:11:26 [notice] 1#1: signal 29 (SIGIO) received
2024/07/08 12:11:26 [notice] 1#1: signal 17 (SIGCHLD) received from 34
2024/07/08 12:11:26 [notice] 1#1: worker process 34 exited with code 0
2024/07/08 12:11:26 [notice] 1#1: signal 29 (SIGIO) received
2024/07/08 12:11:26 [notice] 1#1: signal 17 (SIGCHLD) received from 39
2024/07/08 12:11:26 [notice] 1#1: worker process 39 exited with code 0
2024/07/08 12:11:26 [notice] 1#1: worker process 41 exited with code 0
2024/07/08 12:11:26 [notice] 1#1: signal 29 (SIGIO) received
2024/07/08 12:11:26 [notice] 1#1: signal 17 (SIGCHLD) received from 31
2024/07/08 12:11:26 [notice] 1#1: worker process 31 exited with code 0
2024/07/08 12:11:26 [notice] 1#1: worker process 36 exited with code 0
2024/07/08 12:11:26 [notice] 1#1: signal 29 (SIGIO) received
2024/07/08 12:11:26 [notice] 1#1: signal 17 (SIGCHLD) received from 44
2024/07/08 12:11:26 [notice] 1#1: worker process 29 exited with code 0
2024/07/08 12:11:26 [notice] 1#1: worker process 44 exited with code 0
2024/07/08 12:11:26 [notice] 1#1: signal 29 (SIGIO) received
2024/07/08 12:11:26 [notice] 1#1: signal 17 (SIGCHLD) received from 29
2024/07/08 12:11:26 [notice] 1#1: signal 17 (SIGCHLD) received from 43
2024/07/08 12:11:26 [notice] 1#1: worker process 43 exited with code 0
2024/07/08 12:11:26 [notice] 1#1: signal 29 (SIGIO) received
2024/07/08 12:11:26 [notice] 1#1: signal 17 (SIGCHLD) received from 40
2024/07/08 12:11:26 [notice] 1#1: worker process 40 exited with code 0
2024/07/08 12:11:26 [notice] 1#1: signal 29 (SIGIO) received
2024/07/08 12:11:26 [notice] 1#1: signal 17 (SIGCHLD) received from 42
2024/07/08 12:11:26 [notice] 1#1: worker process 42 exited with code 0
2024/07/08 12:11:26 [notice] 1#1: exit
2024/07/08 12:18:12 [notice] 1#1: using the "epoll" event method
2024/07/08 12:18:12 [notice] 1#1: nginx/1.26.1
2024/07/08 12:18:12 [notice] 1#1: built by gcc 13.2.1 20231014 (Alpine 13.2.1_git20231014) 
2024/07/08 12:18:12 [notice] 1#1: OS: Linux 6.5.0-41-generic
2024/07/08 12:18:12 [notice] 1#1: getrlimit(RLIMIT_NOFILE): 1048576:1048576
2024/07/08 12:18:12 [notice] 1#1: start worker processes
2024/07/08 12:18:12 [notice] 1#1: start worker process 29
2024/07/08 12:18:12 [notice] 1#1: start worker process 30
2024/07/08 12:18:12 [notice] 1#1: start worker process 31
2024/07/08 12:18:12 [notice] 1#1: start worker process 32
2024/07/08 12:18:12 [notice] 1#1: start worker process 33
2024/07/08 12:18:12 [notice] 1#1: start worker process 34
2024/07/08 12:18:12 [notice] 1#1: start worker process 35
2024/07/08 12:18:12 [notice] 1#1: start worker process 36
2024/07/08 12:18:12 [notice] 1#1: start worker process 37
2024/07/08 12:18:12 [notice] 1#1: start worker process 38
2024/07/08 12:18:12 [notice] 1#1: start worker process 39
2024/07/08 12:18:12 [notice] 1#1: start worker process 40
2024/07/08 12:18:12 [notice] 1#1: start worker process 41
2024/07/08 12:18:12 [notice] 1#1: start worker process 42
2024/07/08 12:18:12 [notice] 1#1: start worker process 43
2024/07/08 12:18:12 [notice] 1#1: start worker process 44

2024/07/09 07:39:03 [emerg] 1#1: host not found in upstream "clubphp" in /etc/nginx/conf.d/default.conf:16
2024/07/09 07:39:08 [emerg] 1#1: host not found in upstream "clubphp" in /etc/nginx/conf.d/default.conf:16
2024/07/09 07:39:14 [emerg] 1#1: host not found in upstream "clubphp" in /etc/nginx/conf.d/default.conf:16
2024/07/09 07:39:20 [emerg] 1#1: host not found in upstream "clubphp" in /etc/nginx/conf.d/default.conf:16
2024/07/09 07:39:26 [emerg] 1#1: host not found in upstream "clubphp" in /etc/nginx/conf.d/default.conf:16
2024/07/09 07:39:31 [emerg] 1#1: host not found in upstream "clubphp" in /etc/nginx/conf.d/default.conf:16
2024/07/09 07:39:40 [emerg] 1#1: host not found in upstream "clubphp" in /etc/nginx/conf.d/default.conf:16
2024/07/09 07:39:51 [notice] 1#1: using the "epoll" event method
2024/07/09 07:39:51 [notice] 1#1: nginx/1.26.1
2024/07/09 07:39:51 [notice] 1#1: built by gcc 13.2.1 20231014 (Alpine 13.2.1_git20231014) 
2024/07/09 07:39:51 [notice] 1#1: OS: Linux 6.5.0-41-generic
2024/07/09 07:39:51 [notice] 1#1: getrlimit(RLIMIT_NOFILE): 1048576:1048576
2024/07/09 07:39:51 [notice] 1#1: start worker processes
2024/07/09 07:39:51 [notice] 1#1: start worker process 29
2024/07/09 07:39:51 [notice] 1#1: start worker process 30
2024/07/09 07:39:51 [notice] 1#1: start worker process 31
2024/07/09 07:39:51 [notice] 1#1: start worker process 32
2024/07/09 07:39:51 [notice] 1#1: start worker process 33
2024/07/09 07:39:51 [notice] 1#1: start worker process 34
2024/07/09 07:39:51 [notice] 1#1: start worker process 35
2024/07/09 07:39:51 [notice] 1#1: start worker process 36
2024/07/09 07:39:51 [notice] 1#1: start worker process 37
2024/07/09 07:39:51 [notice] 1#1: start worker process 38
2024/07/09 07:39:51 [notice] 1#1: start worker process 39
2024/07/09 07:39:51 [notice] 1#1: start worker process 40
2024/07/09 07:39:51 [notice] 1#1: start worker process 41
2024/07/09 07:39:51 [notice] 1#1: start worker process 42
2024/07/09 07:39:51 [notice] 1#1: start worker process 43
2024/07/09 07:39:51 [notice] 1#1: start worker process 44
2024/07/10 08:44:56 [notice] 1#1: using the "epoll" event method
2024/07/10 08:44:56 [notice] 1#1: nginx/1.26.1
2024/07/10 08:44:56 [notice] 1#1: built by gcc 13.2.1 20231014 (Alpine 13.2.1_git20231014) 
2024/07/10 08:44:56 [notice] 1#1: OS: Linux 6.5.0-41-generic
2024/07/10 08:44:56 [notice] 1#1: getrlimit(RLIMIT_NOFILE): 1048576:1048576
2024/07/10 08:44:56 [notice] 1#1: start worker processes
2024/07/10 08:44:56 [notice] 1#1: start worker process 29
2024/07/10 08:44:56 [notice] 1#1: start worker process 30
2024/07/10 08:44:56 [notice] 1#1: start worker process 31
2024/07/10 08:44:56 [notice] 1#1: start worker process 32
2024/07/10 08:44:56 [notice] 1#1: start worker process 33
2024/07/10 08:44:56 [notice] 1#1: start worker process 34
2024/07/10 08:44:56 [notice] 1#1: start worker process 35
2024/07/10 08:44:56 [notice] 1#1: start worker process 36
2024/07/10 08:44:56 [notice] 1#1: start worker process 37
2024/07/10 08:44:56 [notice] 1#1: start worker process 38
2024/07/10 08:44:56 [notice] 1#1: start worker process 39
2024/07/10 08:44:56 [notice] 1#1: start worker process 40
2024/07/10 08:44:56 [notice] 1#1: start worker process 41
2024/07/10 08:44:56 [notice] 1#1: start worker process 42
2024/07/10 08:44:56 [notice] 1#1: start worker process 43
2024/07/10 08:44:56 [notice] 1#1: start worker process 44

2024/07/10 11:34:40 [notice] 1#1: using the "epoll" event method
2024/07/10 11:34:40 [notice] 1#1: nginx/1.26.1
2024/07/10 11:34:40 [notice] 1#1: built by gcc 13.2.1 20231014 (Alpine 13.2.1_git20231014) 
2024/07/10 11:34:40 [notice] 1#1: OS: Linux 6.5.0-41-generic
2024/07/10 11:34:40 [notice] 1#1: getrlimit(RLIMIT_NOFILE): 1048576:1048576
2024/07/10 11:34:40 [notice] 1#1: start worker processes
2024/07/10 11:34:40 [notice] 1#1: start worker process 28
2024/07/10 11:34:40 [notice] 1#1: start worker process 29
2024/07/10 11:34:40 [notice] 1#1: start worker process 30
2024/07/10 11:34:40 [notice] 1#1: start worker process 31
2024/07/10 11:34:40 [notice] 1#1: start worker process 32
2024/07/10 11:34:40 [notice] 1#1: start worker process 33
2024/07/10 11:34:40 [notice] 1#1: start worker process 34
2024/07/10 11:34:40 [notice] 1#1: start worker process 35
2024/07/10 11:34:40 [notice] 1#1: start worker process 36
2024/07/10 11:34:40 [notice] 1#1: start worker process 37
2024/07/10 11:34:40 [notice] 1#1: start worker process 38
2024/07/10 11:34:40 [notice] 1#1: start worker process 39
2024/07/10 11:34:40 [notice] 1#1: start worker process 40
2024/07/10 11:34:40 [notice] 1#1: start worker process 41
2024/07/10 11:34:40 [notice] 1#1: start worker process 42
2024/07/10 11:34:40 [notice] 1#1: start worker process 43
=======
2024/07/10 09:46:48 [notice] 1#1: using the "epoll" event method
2024/07/10 09:46:48 [notice] 1#1: nginx/1.26.1
2024/07/10 09:46:48 [notice] 1#1: built by gcc 13.2.1 20231014 (Alpine 13.2.1_git20231014) 
2024/07/10 09:46:48 [notice] 1#1: OS: Linux 6.5.0-41-generic
2024/07/10 09:46:48 [notice] 1#1: getrlimit(RLIMIT_NOFILE): 1048576:1048576
2024/07/10 09:46:48 [notice] 1#1: start worker processes
2024/07/10 09:46:48 [notice] 1#1: start worker process 29
2024/07/10 09:46:48 [notice] 1#1: start worker process 30
2024/07/10 09:46:48 [notice] 1#1: start worker process 31
2024/07/10 09:46:48 [notice] 1#1: start worker process 32
2024/07/10 09:46:48 [notice] 1#1: start worker process 33
2024/07/10 09:46:48 [notice] 1#1: start worker process 34
2024/07/10 09:46:48 [notice] 1#1: start worker process 35
2024/07/10 09:46:48 [notice] 1#1: start worker process 36
2024/07/10 09:46:48 [notice] 1#1: start worker process 37
2024/07/10 09:46:48 [notice] 1#1: start worker process 38
2024/07/10 09:46:48 [notice] 1#1: start worker process 39
2024/07/10 09:46:48 [notice] 1#1: start worker process 40
2024/07/10 09:46:48 [notice] 1#1: start worker process 41
2024/07/10 09:46:48 [notice] 1#1: start worker process 42
2024/07/10 09:46:48 [notice] 1#1: start worker process 43
2024/07/10 09:46:48 [notice] 1#1: start worker process 44
2024/07/10 09:48:33 [notice] 1#1: signal 3 (SIGQUIT) received, shutting down
2024/07/10 09:48:33 [notice] 29#29: gracefully shutting down
2024/07/10 09:48:33 [notice] 30#30: gracefully shutting down
2024/07/10 09:48:33 [notice] 31#31: gracefully shutting down
2024/07/10 09:48:33 [notice] 32#32: gracefully shutting down
2024/07/10 09:48:33 [notice] 33#33: gracefully shutting down
2024/07/10 09:48:33 [notice] 34#34: gracefully shutting down
2024/07/10 09:48:33 [notice] 35#35: gracefully shutting down
2024/07/10 09:48:33 [notice] 29#29: exiting
2024/07/10 09:48:33 [notice] 36#36: gracefully shutting down
2024/07/10 09:48:33 [notice] 30#30: exiting
2024/07/10 09:48:33 [notice] 37#37: gracefully shutting down
2024/07/10 09:48:33 [notice] 38#38: gracefully shutting down
2024/07/10 09:48:33 [notice] 31#31: exiting
2024/07/10 09:48:33 [notice] 40#40: gracefully shutting down
2024/07/10 09:48:33 [notice] 32#32: exiting
2024/07/10 09:48:33 [notice] 33#33: exiting
2024/07/10 09:48:33 [notice] 41#41: gracefully shutting down
2024/07/10 09:48:33 [notice] 34#34: exiting
2024/07/10 09:48:33 [notice] 35#35: exiting
2024/07/10 09:48:33 [notice] 36#36: exiting
2024/07/10 09:48:33 [notice] 37#37: exiting
2024/07/10 09:48:33 [notice] 38#38: exiting
2024/07/10 09:48:33 [notice] 40#40: exiting
2024/07/10 09:48:33 [notice] 41#41: exiting
2024/07/10 09:48:33 [notice] 29#29: exit
2024/07/10 09:48:33 [notice] 30#30: exit
2024/07/10 09:48:33 [notice] 31#31: exit
2024/07/10 09:48:33 [notice] 35#35: exit
2024/07/10 09:48:33 [notice] 36#36: exit
2024/07/10 09:48:33 [notice] 33#33: exit
2024/07/10 09:48:33 [notice] 44#44: gracefully shutting down
2024/07/10 09:48:33 [notice] 34#34: exit
2024/07/10 09:48:33 [notice] 32#32: exit
2024/07/10 09:48:33 [notice] 40#40: exit
2024/07/10 09:48:33 [notice] 37#37: exit
2024/07/10 09:48:33 [notice] 38#38: exit
2024/07/10 09:48:33 [notice] 41#41: exit
2024/07/10 09:48:33 [notice] 44#44: exiting
2024/07/10 09:48:33 [notice] 44#44: exit
2024/07/10 09:48:33 [notice] 43#43: gracefully shutting down
2024/07/10 09:48:33 [notice] 43#43: exiting
2024/07/10 09:48:33 [notice] 39#39: gracefully shutting down
2024/07/10 09:48:33 [notice] 39#39: exiting
2024/07/10 09:48:33 [notice] 42#42: gracefully shutting down
2024/07/10 09:48:33 [notice] 43#43: exit
2024/07/10 09:48:33 [notice] 42#42: exiting
2024/07/10 09:48:33 [notice] 39#39: exit
2024/07/10 09:48:33 [notice] 42#42: exit
2024/07/10 09:48:33 [notice] 1#1: signal 17 (SIGCHLD) received from 43
2024/07/10 09:48:33 [notice] 1#1: worker process 39 exited with code 0
2024/07/10 09:48:33 [notice] 1#1: worker process 29 exited with code 0
2024/07/10 09:48:33 [notice] 1#1: worker process 31 exited with code 0
2024/07/10 09:48:33 [notice] 1#1: worker process 43 exited with code 0
2024/07/10 09:48:33 [notice] 1#1: signal 29 (SIGIO) received
2024/07/10 09:48:33 [notice] 1#1: signal 17 (SIGCHLD) received from 29
2024/07/10 09:48:33 [notice] 1#1: worker process 36 exited with code 0
2024/07/10 09:48:33 [notice] 1#1: signal 29 (SIGIO) received
2024/07/10 09:48:33 [notice] 1#1: signal 17 (SIGCHLD) received from 40
2024/07/10 09:48:33 [notice] 1#1: worker process 40 exited with code 0
2024/07/10 09:48:33 [notice] 1#1: signal 29 (SIGIO) received
2024/07/10 09:48:33 [notice] 1#1: signal 17 (SIGCHLD) received from 32
2024/07/10 09:48:33 [notice] 1#1: worker process 32 exited with code 0
2024/07/10 09:48:33 [notice] 1#1: worker process 41 exited with code 0
2024/07/10 09:48:33 [notice] 1#1: signal 29 (SIGIO) received
2024/07/10 09:48:33 [notice] 1#1: signal 17 (SIGCHLD) received from 41
2024/07/10 09:48:33 [notice] 1#1: signal 17 (SIGCHLD) received from 44
2024/07/10 09:48:33 [notice] 1#1: worker process 44 exited with code 0
2024/07/10 09:48:33 [notice] 1#1: signal 29 (SIGIO) received
2024/07/10 09:48:33 [notice] 1#1: signal 17 (SIGCHLD) received from 30
2024/07/10 09:48:33 [notice] 1#1: worker process 30 exited with code 0
2024/07/10 09:48:33 [notice] 1#1: signal 29 (SIGIO) received
2024/07/10 09:48:33 [notice] 1#1: signal 17 (SIGCHLD) received from 42
2024/07/10 09:48:33 [notice] 1#1: worker process 42 exited with code 0
2024/07/10 09:48:33 [notice] 1#1: signal 29 (SIGIO) received
2024/07/10 09:48:33 [notice] 1#1: signal 17 (SIGCHLD) received from 34
2024/07/10 09:48:33 [notice] 1#1: worker process 34 exited with code 0
2024/07/10 09:48:33 [notice] 1#1: worker process 35 exited with code 0
2024/07/10 09:48:33 [notice] 1#1: signal 29 (SIGIO) received
2024/07/10 09:48:33 [notice] 1#1: signal 17 (SIGCHLD) received from 38
2024/07/10 09:48:33 [notice] 1#1: worker process 38 exited with code 0
2024/07/10 09:48:33 [notice] 1#1: signal 29 (SIGIO) received
2024/07/10 09:48:33 [notice] 1#1: signal 17 (SIGCHLD) received from 33
2024/07/10 09:48:33 [notice] 1#1: worker process 33 exited with code 0
2024/07/10 09:48:33 [notice] 1#1: signal 29 (SIGIO) received
2024/07/10 09:48:33 [notice] 1#1: signal 17 (SIGCHLD) received from 37
2024/07/10 09:48:33 [notice] 1#1: worker process 37 exited with code 0
2024/07/10 09:48:33 [notice] 1#1: exit
2024/07/10 09:49:18 [notice] 1#1: using the "epoll" event method
2024/07/10 09:49:18 [notice] 1#1: nginx/1.26.1
2024/07/10 09:49:18 [notice] 1#1: built by gcc 13.2.1 20231014 (Alpine 13.2.1_git20231014) 
2024/07/10 09:49:18 [notice] 1#1: OS: Linux 6.5.0-41-generic
2024/07/10 09:49:18 [notice] 1#1: getrlimit(RLIMIT_NOFILE): 1048576:1048576
2024/07/10 09:49:18 [notice] 1#1: start worker processes
2024/07/10 09:49:18 [notice] 1#1: start worker process 29
2024/07/10 09:49:18 [notice] 1#1: start worker process 30
2024/07/10 09:49:18 [notice] 1#1: start worker process 31
2024/07/10 09:49:18 [notice] 1#1: start worker process 32
2024/07/10 09:49:18 [notice] 1#1: start worker process 33
2024/07/10 09:49:18 [notice] 1#1: start worker process 34
2024/07/10 09:49:18 [notice] 1#1: start worker process 35
2024/07/10 09:49:18 [notice] 1#1: start worker process 36
2024/07/10 09:49:18 [notice] 1#1: start worker process 37
2024/07/10 09:49:18 [notice] 1#1: start worker process 38
2024/07/10 09:49:18 [notice] 1#1: start worker process 39
2024/07/10 09:49:18 [notice] 1#1: start worker process 40
2024/07/10 09:49:18 [notice] 1#1: start worker process 41
2024/07/10 09:49:18 [notice] 1#1: start worker process 42
2024/07/10 09:49:18 [notice] 1#1: start worker process 43
2024/07/10 09:49:18 [notice] 1#1: start worker process 44
2024/07/10 10:03:40 [notice] 1#1: signal 3 (SIGQUIT) received, shutting down
2024/07/10 10:03:40 [notice] 30#30: gracefully shutting down
2024/07/10 10:03:40 [notice] 32#32: gracefully shutting down
2024/07/10 10:03:40 [notice] 35#35: gracefully shutting down
2024/07/10 10:03:40 [notice] 34#34: gracefully shutting down
2024/07/10 10:03:40 [notice] 38#38: gracefully shutting down
2024/07/10 10:03:40 [notice] 37#37: gracefully shutting down
2024/07/10 10:03:40 [notice] 30#30: exiting
2024/07/10 10:03:40 [notice] 29#29: gracefully shutting down
2024/07/10 10:03:40 [notice] 33#33: gracefully shutting down
2024/07/10 10:03:40 [notice] 31#31: gracefully shutting down
2024/07/10 10:03:40 [notice] 36#36: gracefully shutting down
2024/07/10 10:03:40 [notice] 42#42: gracefully shutting down
2024/07/10 10:03:40 [notice] 32#32: exiting
2024/07/10 10:03:40 [notice] 35#35: exiting
2024/07/10 10:03:40 [notice] 34#34: exiting
2024/07/10 10:03:40 [notice] 38#38: exiting
2024/07/10 10:03:40 [notice] 31#31: exiting
2024/07/10 10:03:40 [notice] 37#37: exiting
2024/07/10 10:03:40 [notice] 29#29: exiting
2024/07/10 10:03:40 [notice] 33#33: exiting
2024/07/10 10:03:40 [notice] 36#36: exiting
2024/07/10 10:03:40 [notice] 42#42: exiting
2024/07/10 10:03:40 [notice] 30#30: exit
2024/07/10 10:03:40 [notice] 40#40: gracefully shutting down
2024/07/10 10:03:40 [notice] 41#41: gracefully shutting down
2024/07/10 10:03:40 [notice] 32#32: exit
2024/07/10 10:03:40 [notice] 40#40: exiting
2024/07/10 10:03:40 [notice] 42#42: exit
2024/07/10 10:03:40 [notice] 41#41: exiting
2024/07/10 10:03:40 [notice] 29#29: exit
2024/07/10 10:03:40 [notice] 38#38: exit
2024/07/10 10:03:40 [notice] 35#35: exit
2024/07/10 10:03:40 [notice] 34#34: exit
2024/07/10 10:03:40 [notice] 36#36: exit
2024/07/10 10:03:40 [notice] 37#37: exit
2024/07/10 10:03:40 [notice] 31#31: exit
2024/07/10 10:03:40 [notice] 33#33: exit
2024/07/10 10:03:40 [notice] 40#40: exit
2024/07/10 10:03:40 [notice] 41#41: exit
2024/07/10 10:03:40 [notice] 43#43: gracefully shutting down
2024/07/10 10:03:40 [notice] 43#43: exiting
2024/07/10 10:03:40 [notice] 43#43: exit
2024/07/10 10:03:40 [notice] 39#39: gracefully shutting down
2024/07/10 10:03:40 [notice] 44#44: gracefully shutting down
2024/07/10 10:03:40 [notice] 39#39: exiting
2024/07/10 10:03:40 [notice] 44#44: exiting
2024/07/10 10:03:40 [notice] 39#39: exit
2024/07/10 10:03:40 [notice] 44#44: exit
2024/07/10 10:03:40 [notice] 1#1: signal 17 (SIGCHLD) received from 32
2024/07/10 10:03:40 [notice] 1#1: worker process 30 exited with code 0
2024/07/10 10:03:40 [notice] 1#1: worker process 32 exited with code 0
2024/07/10 10:03:40 [notice] 1#1: worker process 39 exited with code 0
2024/07/10 10:03:40 [notice] 1#1: signal 29 (SIGIO) received
2024/07/10 10:03:40 [notice] 1#1: signal 17 (SIGCHLD) received from 37
2024/07/10 10:03:40 [notice] 1#1: worker process 37 exited with code 0
2024/07/10 10:03:40 [notice] 1#1: signal 29 (SIGIO) received
2024/07/10 10:03:40 [notice] 1#1: signal 17 (SIGCHLD) received from 43
2024/07/10 10:03:40 [notice] 1#1: worker process 34 exited with code 0
2024/07/10 10:03:40 [notice] 1#1: worker process 43 exited with code 0
2024/07/10 10:03:40 [notice] 1#1: signal 29 (SIGIO) received
2024/07/10 10:03:40 [notice] 1#1: signal 17 (SIGCHLD) received from 34
2024/07/10 10:03:40 [notice] 1#1: signal 17 (SIGCHLD) received from 42
2024/07/10 10:03:40 [notice] 1#1: worker process 42 exited with code 0
2024/07/10 10:03:40 [notice] 1#1: signal 29 (SIGIO) received
2024/07/10 10:03:40 [notice] 1#1: signal 17 (SIGCHLD) received from 44
2024/07/10 10:03:40 [notice] 1#1: worker process 44 exited with code 0
2024/07/10 10:03:40 [notice] 1#1: signal 29 (SIGIO) received
2024/07/10 10:03:40 [notice] 1#1: signal 17 (SIGCHLD) received from 36
2024/07/10 10:03:40 [notice] 1#1: worker process 36 exited with code 0
2024/07/10 10:03:40 [notice] 1#1: signal 29 (SIGIO) received
2024/07/10 10:03:40 [notice] 1#1: signal 17 (SIGCHLD) received from 29
2024/07/10 10:03:40 [notice] 1#1: worker process 29 exited with code 0
2024/07/10 10:03:40 [notice] 1#1: signal 29 (SIGIO) received
2024/07/10 10:03:40 [notice] 1#1: signal 17 (SIGCHLD) received from 41
2024/07/10 10:03:40 [notice] 1#1: worker process 41 exited with code 0
2024/07/10 10:03:40 [notice] 1#1: signal 29 (SIGIO) received
2024/07/10 10:03:40 [notice] 1#1: signal 17 (SIGCHLD) received from 33
2024/07/10 10:03:40 [notice] 1#1: worker process 33 exited with code 0
2024/07/10 10:03:40 [notice] 1#1: signal 29 (SIGIO) received
2024/07/10 10:03:40 [notice] 1#1: signal 17 (SIGCHLD) received from 31
2024/07/10 10:03:40 [notice] 1#1: worker process 31 exited with code 0
2024/07/10 10:03:40 [notice] 1#1: signal 29 (SIGIO) received
2024/07/10 10:03:40 [notice] 1#1: signal 17 (SIGCHLD) received from 35
2024/07/10 10:03:40 [notice] 1#1: worker process 35 exited with code 0
2024/07/10 10:03:40 [notice] 1#1: signal 29 (SIGIO) received
2024/07/10 10:03:40 [notice] 1#1: signal 17 (SIGCHLD) received from 38
2024/07/10 10:03:40 [notice] 1#1: worker process 38 exited with code 0
2024/07/10 10:03:40 [notice] 1#1: signal 29 (SIGIO) received
2024/07/10 10:03:40 [notice] 1#1: signal 17 (SIGCHLD) received from 40
2024/07/10 10:03:40 [notice] 1#1: worker process 40 exited with code 0
2024/07/10 10:03:40 [notice] 1#1: exit
2024/07/10 10:03:57 [notice] 1#1: using the "epoll" event method
2024/07/10 10:03:57 [notice] 1#1: nginx/1.26.1
2024/07/10 10:03:57 [notice] 1#1: built by gcc 13.2.1 20231014 (Alpine 13.2.1_git20231014) 
2024/07/10 10:03:57 [notice] 1#1: OS: Linux 6.5.0-41-generic
2024/07/10 10:03:57 [notice] 1#1: getrlimit(RLIMIT_NOFILE): 1048576:1048576
2024/07/10 10:03:57 [notice] 1#1: start worker processes
2024/07/10 10:03:57 [notice] 1#1: start worker process 29
2024/07/10 10:03:57 [notice] 1#1: start worker process 30
2024/07/10 10:03:57 [notice] 1#1: start worker process 31
2024/07/10 10:03:57 [notice] 1#1: start worker process 32
2024/07/10 10:03:57 [notice] 1#1: start worker process 33
2024/07/10 10:03:57 [notice] 1#1: start worker process 34
2024/07/10 10:03:57 [notice] 1#1: start worker process 35
2024/07/10 10:03:57 [notice] 1#1: start worker process 36
2024/07/10 10:03:57 [notice] 1#1: start worker process 37
2024/07/10 10:03:57 [notice] 1#1: start worker process 38
2024/07/10 10:03:57 [notice] 1#1: start worker process 39
2024/07/10 10:03:57 [notice] 1#1: start worker process 40
2024/07/10 10:03:57 [notice] 1#1: start worker process 41
2024/07/10 10:03:57 [notice] 1#1: start worker process 42
2024/07/10 10:03:57 [notice] 1#1: start worker process 43
2024/07/10 10:03:57 [notice] 1#1: start worker process 44
2024/07/10 10:04:34 [notice] 1#1: signal 3 (SIGQUIT) received, shutting down
2024/07/10 10:04:34 [notice] 29#29: gracefully shutting down
2024/07/10 10:04:34 [notice] 32#32: gracefully shutting down
2024/07/10 10:04:34 [notice] 30#30: gracefully shutting down
2024/07/10 10:04:34 [notice] 36#36: gracefully shutting down
2024/07/10 10:04:34 [notice] 31#31: gracefully shutting down
2024/07/10 10:04:34 [notice] 33#33: gracefully shutting down
2024/07/10 10:04:34 [notice] 34#34: gracefully shutting down
2024/07/10 10:04:34 [notice] 35#35: gracefully shutting down
2024/07/10 10:04:34 [notice] 37#37: gracefully shutting down
2024/07/10 10:04:34 [notice] 29#29: exiting
2024/07/10 10:04:34 [notice] 38#38: gracefully shutting down
2024/07/10 10:04:34 [notice] 32#32: exiting
2024/07/10 10:04:34 [notice] 30#30: exiting
2024/07/10 10:04:34 [notice] 39#39: gracefully shutting down
2024/07/10 10:04:34 [notice] 36#36: exiting
2024/07/10 10:04:34 [notice] 31#31: exiting
2024/07/10 10:04:34 [notice] 33#33: exiting
2024/07/10 10:04:34 [notice] 34#34: exiting
2024/07/10 10:04:34 [notice] 35#35: exiting
2024/07/10 10:04:34 [notice] 37#37: exiting
2024/07/10 10:04:34 [notice] 38#38: exiting
2024/07/10 10:04:34 [notice] 39#39: exiting
2024/07/10 10:04:34 [notice] 41#41: gracefully shutting down
2024/07/10 10:04:34 [notice] 40#40: gracefully shutting down
2024/07/10 10:04:34 [notice] 41#41: exiting
2024/07/10 10:04:34 [notice] 40#40: exiting
2024/07/10 10:04:34 [notice] 34#34: exit
2024/07/10 10:04:34 [notice] 29#29: exit
2024/07/10 10:04:34 [notice] 37#37: exit
2024/07/10 10:04:34 [notice] 33#33: exit
2024/07/10 10:04:34 [notice] 35#35: exit
2024/07/10 10:04:34 [notice] 31#31: exit
2024/07/10 10:04:34 [notice] 38#38: exit
2024/07/10 10:04:34 [notice] 32#32: exit
2024/07/10 10:04:34 [notice] 30#30: exit
2024/07/10 10:04:34 [notice] 39#39: exit
2024/07/10 10:04:34 [notice] 36#36: exit
2024/07/10 10:04:34 [notice] 41#41: exit
2024/07/10 10:04:34 [notice] 40#40: exit
2024/07/10 10:04:34 [notice] 43#43: gracefully shutting down
2024/07/10 10:04:34 [notice] 43#43: exiting
2024/07/10 10:04:34 [notice] 43#43: exit
2024/07/10 10:04:34 [notice] 42#42: gracefully shutting down
2024/07/10 10:04:34 [notice] 42#42: exiting
2024/07/10 10:04:34 [notice] 44#44: gracefully shutting down
2024/07/10 10:04:34 [notice] 42#42: exit
2024/07/10 10:04:34 [notice] 44#44: exiting
2024/07/10 10:04:34 [notice] 44#44: exit
2024/07/10 10:04:34 [notice] 1#1: signal 17 (SIGCHLD) received from 34
2024/07/10 10:04:34 [notice] 1#1: worker process 34 exited with code 0
2024/07/10 10:04:34 [notice] 1#1: signal 29 (SIGIO) received
2024/07/10 10:04:34 [notice] 1#1: signal 17 (SIGCHLD) received from 40
2024/07/10 10:04:34 [notice] 1#1: worker process 36 exited with code 0
2024/07/10 10:04:34 [notice] 1#1: worker process 40 exited with code 0
2024/07/10 10:04:34 [notice] 1#1: worker process 41 exited with code 0
2024/07/10 10:04:34 [notice] 1#1: signal 29 (SIGIO) received
2024/07/10 10:04:34 [notice] 1#1: signal 17 (SIGCHLD) received from 41
2024/07/10 10:04:34 [notice] 1#1: signal 17 (SIGCHLD) received from 38
2024/07/10 10:04:34 [notice] 1#1: worker process 38 exited with code 0
2024/07/10 10:04:34 [notice] 1#1: signal 29 (SIGIO) received
2024/07/10 10:04:34 [notice] 1#1: signal 17 (SIGCHLD) received from 37
2024/07/10 10:04:34 [notice] 1#1: worker process 37 exited with code 0
2024/07/10 10:04:34 [notice] 1#1: signal 29 (SIGIO) received
2024/07/10 10:04:34 [notice] 1#1: signal 17 (SIGCHLD) received from 33
2024/07/10 10:04:34 [notice] 1#1: worker process 33 exited with code 0
2024/07/10 10:04:34 [notice] 1#1: signal 29 (SIGIO) received
2024/07/10 10:04:34 [notice] 1#1: signal 17 (SIGCHLD) received from 31
2024/07/10 10:04:34 [notice] 1#1: worker process 31 exited with code 0
2024/07/10 10:04:34 [notice] 1#1: signal 29 (SIGIO) received
2024/07/10 10:04:34 [notice] 1#1: signal 17 (SIGCHLD) received from 42
2024/07/10 10:04:34 [notice] 1#1: worker process 42 exited with code 0
2024/07/10 10:04:34 [notice] 1#1: signal 29 (SIGIO) received
2024/07/10 10:04:34 [notice] 1#1: signal 17 (SIGCHLD) received from 43
2024/07/10 10:04:34 [notice] 1#1: worker process 43 exited with code 0
2024/07/10 10:04:34 [notice] 1#1: signal 29 (SIGIO) received
2024/07/10 10:04:34 [notice] 1#1: signal 17 (SIGCHLD) received from 29
2024/07/10 10:04:34 [notice] 1#1: worker process 29 exited with code 0
2024/07/10 10:04:34 [notice] 1#1: signal 29 (SIGIO) received
2024/07/10 10:04:34 [notice] 1#1: signal 17 (SIGCHLD) received from 39
2024/07/10 10:04:34 [notice] 1#1: worker process 39 exited with code 0
2024/07/10 10:04:34 [notice] 1#1: worker process 35 exited with code 0
2024/07/10 10:04:34 [notice] 1#1: worker process 44 exited with code 0
2024/07/10 10:04:34 [notice] 1#1: signal 29 (SIGIO) received
2024/07/10 10:04:34 [notice] 1#1: signal 17 (SIGCHLD) received from 35
2024/07/10 10:04:34 [notice] 1#1: worker process 30 exited with code 0
2024/07/10 10:04:34 [notice] 1#1: signal 29 (SIGIO) received
2024/07/10 10:04:34 [notice] 1#1: signal 17 (SIGCHLD) received from 30
2024/07/10 10:04:34 [notice] 1#1: signal 17 (SIGCHLD) received from 32
2024/07/10 10:04:34 [notice] 1#1: worker process 32 exited with code 0
2024/07/10 10:04:34 [notice] 1#1: exit
2024/07/10 10:06:00 [notice] 1#1: using the "epoll" event method
2024/07/10 10:06:00 [notice] 1#1: nginx/1.26.1
2024/07/10 10:06:00 [notice] 1#1: built by gcc 13.2.1 20231014 (Alpine 13.2.1_git20231014) 
2024/07/10 10:06:00 [notice] 1#1: OS: Linux 6.5.0-41-generic
2024/07/10 10:06:00 [notice] 1#1: getrlimit(RLIMIT_NOFILE): 1048576:1048576
2024/07/10 10:06:00 [notice] 1#1: start worker processes
2024/07/10 10:06:00 [notice] 1#1: start worker process 29
2024/07/10 10:06:00 [notice] 1#1: start worker process 30
2024/07/10 10:06:00 [notice] 1#1: start worker process 31
2024/07/10 10:06:00 [notice] 1#1: start worker process 32
2024/07/10 10:06:00 [notice] 1#1: start worker process 33
2024/07/10 10:06:00 [notice] 1#1: start worker process 34
2024/07/10 10:06:00 [notice] 1#1: start worker process 35
2024/07/10 10:06:00 [notice] 1#1: start worker process 36
2024/07/10 10:06:00 [notice] 1#1: start worker process 37
2024/07/10 10:06:00 [notice] 1#1: start worker process 38
2024/07/10 10:06:00 [notice] 1#1: start worker process 39
2024/07/10 10:06:00 [notice] 1#1: start worker process 40
2024/07/10 10:06:00 [notice] 1#1: start worker process 41
2024/07/10 10:06:00 [notice] 1#1: start worker process 42
2024/07/10 10:06:00 [notice] 1#1: start worker process 43
2024/07/10 10:06:00 [notice] 1#1: start worker process 44
2024/07/10 10:07:20 [notice] 1#1: signal 3 (SIGQUIT) received, shutting down
2024/07/10 10:07:20 [notice] 29#29: gracefully shutting down
2024/07/10 10:07:20 [notice] 32#32: gracefully shutting down
2024/07/10 10:07:20 [notice] 31#31: gracefully shutting down
2024/07/10 10:07:20 [notice] 35#35: gracefully shutting down
2024/07/10 10:07:20 [notice] 34#34: gracefully shutting down
2024/07/10 10:07:20 [notice] 33#33: gracefully shutting down
2024/07/10 10:07:20 [notice] 30#30: gracefully shutting down
2024/07/10 10:07:20 [notice] 36#36: gracefully shutting down
2024/07/10 10:07:20 [notice] 29#29: exiting
2024/07/10 10:07:20 [notice] 38#38: gracefully shutting down
2024/07/10 10:07:20 [notice] 37#37: gracefully shutting down
2024/07/10 10:07:20 [notice] 32#32: exiting
2024/07/10 10:07:20 [notice] 31#31: exiting
2024/07/10 10:07:20 [notice] 35#35: exiting
2024/07/10 10:07:20 [notice] 38#38: exiting
2024/07/10 10:07:20 [notice] 40#40: gracefully shutting down
2024/07/10 10:07:20 [notice] 34#34: exiting
2024/07/10 10:07:20 [notice] 33#33: exiting
2024/07/10 10:07:20 [notice] 30#30: exiting
2024/07/10 10:07:20 [notice] 36#36: exiting
2024/07/10 10:07:20 [notice] 37#37: exiting
2024/07/10 10:07:20 [notice] 40#40: exiting
2024/07/10 10:07:20 [notice] 39#39: gracefully shutting down
2024/07/10 10:07:20 [notice] 44#44: gracefully shutting down
2024/07/10 10:07:20 [notice] 39#39: exiting
2024/07/10 10:07:20 [notice] 44#44: exiting
2024/07/10 10:07:20 [notice] 31#31: exit
2024/07/10 10:07:20 [notice] 29#29: exit
2024/07/10 10:07:20 [notice] 32#32: exit
2024/07/10 10:07:20 [notice] 38#38: exit
2024/07/10 10:07:20 [notice] 36#36: exit
2024/07/10 10:07:20 [notice] 33#33: exit
2024/07/10 10:07:20 [notice] 34#34: exit
2024/07/10 10:07:20 [notice] 40#40: exit
2024/07/10 10:07:20 [notice] 30#30: exit
2024/07/10 10:07:20 [notice] 37#37: exit
2024/07/10 10:07:20 [notice] 35#35: exit
2024/07/10 10:07:20 [notice] 39#39: exit
2024/07/10 10:07:20 [notice] 44#44: exit
2024/07/10 10:07:20 [notice] 41#41: gracefully shutting down
2024/07/10 10:07:20 [notice] 42#42: gracefully shutting down
2024/07/10 10:07:20 [notice] 41#41: exiting
2024/07/10 10:07:20 [notice] 42#42: exiting
2024/07/10 10:07:20 [notice] 43#43: gracefully shutting down
2024/07/10 10:07:20 [notice] 42#42: exit
2024/07/10 10:07:20 [notice] 41#41: exit
2024/07/10 10:07:20 [notice] 43#43: exiting
2024/07/10 10:07:20 [notice] 43#43: exit
2024/07/10 10:07:20 [notice] 1#1: signal 17 (SIGCHLD) received from 32
2024/07/10 10:07:20 [notice] 1#1: worker process 29 exited with code 0
2024/07/10 10:07:20 [notice] 1#1: worker process 30 exited with code 0
2024/07/10 10:07:20 [notice] 1#1: worker process 32 exited with code 0
2024/07/10 10:07:20 [notice] 1#1: worker process 41 exited with code 0
2024/07/10 10:07:20 [notice] 1#1: signal 29 (SIGIO) received
2024/07/10 10:07:20 [notice] 1#1: signal 17 (SIGCHLD) received from 41
2024/07/10 10:07:20 [notice] 1#1: worker process 35 exited with code 0
2024/07/10 10:07:20 [notice] 1#1: worker process 43 exited with code 0
2024/07/10 10:07:20 [notice] 1#1: signal 29 (SIGIO) received
2024/07/10 10:07:20 [notice] 1#1: signal 17 (SIGCHLD) received from 40
2024/07/10 10:07:20 [notice] 1#1: worker process 40 exited with code 0
2024/07/10 10:07:20 [notice] 1#1: signal 29 (SIGIO) received
2024/07/10 10:07:20 [notice] 1#1: signal 17 (SIGCHLD) received from 33
2024/07/10 10:07:20 [notice] 1#1: worker process 33 exited with code 0
2024/07/10 10:07:20 [notice] 1#1: signal 29 (SIGIO) received
2024/07/10 10:07:20 [notice] 1#1: signal 17 (SIGCHLD) received from 36
2024/07/10 10:07:20 [notice] 1#1: worker process 36 exited with code 0
2024/07/10 10:07:20 [notice] 1#1: worker process 42 exited with code 0
2024/07/10 10:07:20 [notice] 1#1: signal 29 (SIGIO) received
2024/07/10 10:07:20 [notice] 1#1: signal 17 (SIGCHLD) received from 42
2024/07/10 10:07:20 [notice] 1#1: signal 17 (SIGCHLD) received from 37
2024/07/10 10:07:20 [notice] 1#1: worker process 37 exited with code 0
2024/07/10 10:07:20 [notice] 1#1: signal 29 (SIGIO) received
2024/07/10 10:07:20 [notice] 1#1: signal 17 (SIGCHLD) received from 44
2024/07/10 10:07:20 [notice] 1#1: worker process 44 exited with code 0
2024/07/10 10:07:20 [notice] 1#1: signal 29 (SIGIO) received
2024/07/10 10:07:20 [notice] 1#1: signal 17 (SIGCHLD) received from 31
2024/07/10 10:07:20 [notice] 1#1: worker process 31 exited with code 0
2024/07/10 10:07:20 [notice] 1#1: signal 29 (SIGIO) received
2024/07/10 10:07:20 [notice] 1#1: signal 17 (SIGCHLD) received from 34
2024/07/10 10:07:20 [notice] 1#1: worker process 34 exited with code 0
2024/07/10 10:07:20 [notice] 1#1: signal 29 (SIGIO) received
2024/07/10 10:07:20 [notice] 1#1: signal 17 (SIGCHLD) received from 39
2024/07/10 10:07:20 [notice] 1#1: worker process 39 exited with code 0
2024/07/10 10:07:20 [notice] 1#1: signal 29 (SIGIO) received
2024/07/10 10:07:20 [notice] 1#1: signal 17 (SIGCHLD) received from 38
2024/07/10 10:07:20 [notice] 1#1: worker process 38 exited with code 0
2024/07/10 10:07:20 [notice] 1#1: exit
2024/07/10 10:09:03 [notice] 1#1: using the "epoll" event method
2024/07/10 10:09:03 [notice] 1#1: nginx/1.26.1
2024/07/10 10:09:03 [notice] 1#1: built by gcc 13.2.1 20231014 (Alpine 13.2.1_git20231014) 
2024/07/10 10:09:03 [notice] 1#1: OS: Linux 6.5.0-41-generic
2024/07/10 10:09:03 [notice] 1#1: getrlimit(RLIMIT_NOFILE): 1048576:1048576
2024/07/10 10:09:03 [notice] 1#1: start worker processes
2024/07/10 10:09:03 [notice] 1#1: start worker process 29
2024/07/10 10:09:03 [notice] 1#1: start worker process 30
2024/07/10 10:09:03 [notice] 1#1: start worker process 31
2024/07/10 10:09:03 [notice] 1#1: start worker process 32
2024/07/10 10:09:03 [notice] 1#1: start worker process 33
2024/07/10 10:09:03 [notice] 1#1: start worker process 34
2024/07/10 10:09:03 [notice] 1#1: start worker process 35
2024/07/10 10:09:03 [notice] 1#1: start worker process 36
2024/07/10 10:09:03 [notice] 1#1: start worker process 37
2024/07/10 10:09:03 [notice] 1#1: start worker process 38
2024/07/10 10:09:03 [notice] 1#1: start worker process 39
2024/07/10 10:09:03 [notice] 1#1: start worker process 40
2024/07/10 10:09:03 [notice] 1#1: start worker process 41
2024/07/10 10:09:03 [notice] 1#1: start worker process 42
2024/07/10 10:09:03 [notice] 1#1: start worker process 43
2024/07/10 10:09:03 [notice] 1#1: start worker process 44

2024/07/10 12:51:52 [notice] 1#1: using the "epoll" event method
2024/07/10 12:51:52 [notice] 1#1: nginx/1.26.1
2024/07/10 12:51:52 [notice] 1#1: built by gcc 13.2.1 20231014 (Alpine 13.2.1_git20231014) 
2024/07/10 12:51:52 [notice] 1#1: OS: Linux 6.5.0-41-generic
2024/07/10 12:51:52 [notice] 1#1: getrlimit(RLIMIT_NOFILE): 1048576:1048576
2024/07/10 12:51:52 [notice] 1#1: start worker processes
2024/07/10 12:51:52 [notice] 1#1: start worker process 29
2024/07/10 12:51:52 [notice] 1#1: start worker process 30
2024/07/10 12:51:52 [notice] 1#1: start worker process 31
2024/07/10 12:51:52 [notice] 1#1: start worker process 32
2024/07/10 12:51:52 [notice] 1#1: start worker process 33
2024/07/10 12:51:52 [notice] 1#1: start worker process 34
2024/07/10 12:51:52 [notice] 1#1: start worker process 35
2024/07/10 12:51:52 [notice] 1#1: start worker process 36
2024/07/10 12:51:52 [notice] 1#1: start worker process 37
2024/07/10 12:51:52 [notice] 1#1: start worker process 38
2024/07/10 12:51:52 [notice] 1#1: start worker process 39
2024/07/10 12:51:52 [notice] 1#1: start worker process 40
2024/07/10 12:51:52 [notice] 1#1: start worker process 41
2024/07/10 12:51:52 [notice] 1#1: start worker process 42
2024/07/10 12:51:52 [notice] 1#1: start worker process 43
2024/07/10 12:51:52 [notice] 1#1: start worker process 44
2024/07/10 12:53:52 [notice] 1#1: using the "epoll" event method
2024/07/10 12:53:52 [notice] 1#1: nginx/1.26.1
2024/07/10 12:53:52 [notice] 1#1: built by gcc 13.2.1 20231014 (Alpine 13.2.1_git20231014) 
2024/07/10 12:53:52 [notice] 1#1: OS: Linux 6.5.0-41-generic
2024/07/10 12:53:52 [notice] 1#1: getrlimit(RLIMIT_NOFILE): 1048576:1048576
2024/07/10 12:53:52 [notice] 1#1: start worker processes
2024/07/10 12:53:52 [notice] 1#1: start worker process 29
2024/07/10 12:53:52 [notice] 1#1: start worker process 30
2024/07/10 12:53:52 [notice] 1#1: start worker process 31
2024/07/10 12:53:52 [notice] 1#1: start worker process 32
2024/07/10 12:53:52 [notice] 1#1: start worker process 33
2024/07/10 12:53:52 [notice] 1#1: start worker process 34
2024/07/10 12:53:52 [notice] 1#1: start worker process 35
2024/07/10 12:53:52 [notice] 1#1: start worker process 36
2024/07/10 12:53:52 [notice] 1#1: start worker process 37
2024/07/10 12:53:52 [notice] 1#1: start worker process 38
2024/07/10 12:53:52 [notice] 1#1: start worker process 39
2024/07/10 12:53:52 [notice] 1#1: start worker process 40
2024/07/10 12:53:52 [notice] 1#1: start worker process 41
2024/07/10 12:53:52 [notice] 1#1: start worker process 42
2024/07/10 12:53:52 [notice] 1#1: start worker process 43
2024/07/10 12:53:52 [notice] 1#1: start worker process 44
2024/07/11 06:44:54 [emerg] 1#1: host not found in upstream "clubphp" in /etc/nginx/conf.d/default.conf:16
2024/07/11 06:44:59 [emerg] 1#1: host not found in upstream "clubphp" in /etc/nginx/conf.d/default.conf:16
2024/07/11 06:45:05 [emerg] 1#1: host not found in upstream "clubphp" in /etc/nginx/conf.d/default.conf:16
2024/07/11 06:45:11 [emerg] 1#1: host not found in upstream "clubphp" in /etc/nginx/conf.d/default.conf:16
2024/07/11 06:45:17 [emerg] 1#1: host not found in upstream "clubphp" in /etc/nginx/conf.d/default.conf:16
2024/07/11 06:45:21 [emerg] 1#1: host not found in upstream "clubphp" in /etc/nginx/conf.d/default.conf:16
2024/07/11 06:45:30 [emerg] 1#1: host not found in upstream "clubphp" in /etc/nginx/conf.d/default.conf:16
2024/07/11 06:45:42 [emerg] 1#1: host not found in upstream "clubphp" in /etc/nginx/conf.d/default.conf:16
2024/07/11 06:46:00 [emerg] 1#1: host not found in upstream "clubphp" in /etc/nginx/conf.d/default.conf:16
2024/07/11 06:46:31 [notice] 1#1: using the "epoll" event method
2024/07/11 06:46:31 [notice] 1#1: nginx/1.26.1
2024/07/11 06:46:31 [notice] 1#1: built by gcc 13.2.1 20231014 (Alpine 13.2.1_git20231014) 
2024/07/11 06:46:31 [notice] 1#1: OS: Linux 6.5.0-41-generic
2024/07/11 06:46:31 [notice] 1#1: getrlimit(RLIMIT_NOFILE): 1048576:1048576
2024/07/11 06:46:31 [notice] 1#1: start worker processes
2024/07/11 06:46:31 [notice] 1#1: start worker process 29
2024/07/11 06:46:31 [notice] 1#1: start worker process 30
2024/07/11 06:46:31 [notice] 1#1: start worker process 31
2024/07/11 06:46:31 [notice] 1#1: start worker process 32
2024/07/11 06:46:31 [notice] 1#1: start worker process 33
2024/07/11 06:46:31 [notice] 1#1: start worker process 34
2024/07/11 06:46:31 [notice] 1#1: start worker process 35
2024/07/11 06:46:31 [notice] 1#1: start worker process 36
2024/07/11 06:46:31 [notice] 1#1: start worker process 37
2024/07/11 06:46:31 [notice] 1#1: start worker process 38
2024/07/11 06:46:31 [notice] 1#1: start worker process 39
2024/07/11 06:46:31 [notice] 1#1: start worker process 40
2024/07/11 06:46:31 [notice] 1#1: start worker process 41
2024/07/11 06:46:31 [notice] 1#1: start worker process 42
2024/07/11 06:46:31 [notice] 1#1: start worker process 43
2024/07/11 06:46:31 [notice] 1#1: start worker process 44
